This file contains any messages produced by compilers while
running configure, to aid debugging if configure makes a mistake.

It was created by Protocol Buffers configure 3.20.2, which was
generated by GNU Autoconf 2.69.  Invocation command line was

  $ ./configure 

## --------- ##
## Platform. ##
## --------- ##

hostname = mylessonMachine
uname -m = x86_64
uname -r = 3.10.0-957.21.3.el7.x86_64
uname -s = Linux
uname -v = #1 SMP Tue Jun 18 16:35:19 UTC 2019

/usr/bin/uname -p = x86_64
/bin/uname -X     = unknown

/bin/arch              = x86_64
/usr/bin/arch -k       = unknown
/usr/convex/getsysinfo = unknown
/usr/bin/hostinfo      = unknown
/bin/machine           = unknown
/usr/bin/oslevel       = unknown
/bin/universe          = unknown

PATH: /opt/rh/devtoolset-7/root/usr/bin
PATH: /home/myroot/.vscode-server/bin/8b3775030ed1a69b13e4f4c628c612102e30a681/bin/remote-cli
PATH: /usr/local/bin
PATH: /usr/bin
PATH: /usr/local/sbin
PATH: /usr/sbin
PATH: /home/myroot/.local/bin
PATH: /home/myroot/bin


## ----------- ##
## Core tests. ##
## ----------- ##

configure:2602: checking whether to enable maintainer-specific portions of Makefiles
configure:2611: result: yes
configure:2686: checking build system type
configure:2700: result: x86_64-unknown-linux-gnu
configure:2720: checking host system type
configure:2733: result: x86_64-unknown-linux-gnu
configure:2753: checking target system type
configure:2766: result: x86_64-unknown-linux-gnu
configure:2809: checking for a BSD-compatible install
configure:2877: result: /usr/bin/install -c
configure:2888: checking whether build environment is sane
configure:2943: result: yes
configure:3094: checking for a thread-safe mkdir -p
configure:3133: result: /usr/bin/mkdir -p
configure:3140: checking for gawk
configure:3156: found /usr/bin/gawk
configure:3167: result: gawk
configure:3178: checking whether make sets $(MAKE)
configure:3200: result: yes
configure:3229: checking whether make supports nested variables
configure:3246: result: yes
configure:3335: checking whether UID '1003' is supported by ustar format
configure:3338: result: yes
configure:3345: checking whether GID '1003' is supported by ustar format
configure:3348: result: yes
configure:3356: checking how to create a ustar tar archive
configure:3367: tar --version
tar (GNU tar) 1.26
Copyright (C) 2011 Free Software Foundation, Inc.
License GPLv3+: GNU GPL version 3 or later <http://gnu.org/licenses/gpl.html>.
This is free software: you are free to change and redistribute it.
There is NO WARRANTY, to the extent permitted by law.

Written by John Gilmore and Jay Fenlason.
configure:3370: $? = 0
configure:3410: tardir=conftest.dir && eval tar --format=ustar -chf - "$tardir" >conftest.tar
configure:3413: $? = 0
configure:3417: tar -xf - <conftest.tar
configure:3420: $? = 0
configure:3422: cat conftest.dir/file
GrepMe
configure:3425: $? = 0
configure:3438: result: gnutar
configure:3461: checking whether make supports nested variables
configure:3478: result: yes
configure:3571: checking for gcc
configure:3587: found /opt/rh/devtoolset-7/root/usr/bin/gcc
configure:3598: result: gcc
configure:3827: checking for C compiler version
configure:3836: gcc --version >&5
gcc (GCC) 7.3.1 20180303 (Red Hat 7.3.1-5)
Copyright (C) 2017 Free Software Foundation, Inc.
This is free software; see the source for copying conditions.  There is NO
warranty; not even for MERCHANTABILITY or FITNESS FOR A PARTICULAR PURPOSE.

configure:3847: $? = 0
configure:3836: gcc -v >&5
Using built-in specs.
COLLECT_GCC=gcc
COLLECT_LTO_WRAPPER=/opt/rh/devtoolset-7/root/usr/libexec/gcc/x86_64-redhat-linux/7/lto-wrapper
Target: x86_64-redhat-linux
Configured with: ../configure --enable-bootstrap --enable-languages=c,c++,fortran,lto --prefix=/opt/rh/devtoolset-7/root/usr --mandir=/opt/rh/devtoolset-7/root/usr/share/man --infodir=/opt/rh/devtoolset-7/root/usr/share/info --with-bugurl=http://bugzilla.redhat.com/bugzilla --enable-shared --enable-threads=posix --enable-checking=release --enable-multilib --with-system-zlib --enable-__cxa_atexit --disable-libunwind-exceptions --enable-gnu-unique-object --enable-linker-build-id --with-gcc-major-version-only --enable-plugin --with-linker-hash-style=gnu --enable-initfini-array --with-default-libstdcxx-abi=gcc4-compatible --with-isl=/builddir/build/BUILD/gcc-7.3.1-20180303/obj-x86_64-redhat-linux/isl-install --enable-libmpx --enable-gnu-indirect-function --with-tune=generic --with-arch_32=i686 --build=x86_64-redhat-linux
Thread model: posix
gcc version 7.3.1 20180303 (Red Hat 7.3.1-5) (GCC) 
configure:3847: $? = 0
configure:3836: gcc -V >&5
gcc: error: unrecognized command line option '-V'
gcc: fatal error: no input files
compilation terminated.
configure:3847: $? = 1
configure:3836: gcc -qversion >&5
gcc: error: unrecognized command line option '-qversion'; did you mean '--version'?
gcc: fatal error: no input files
compilation terminated.
configure:3847: $? = 1
configure:3867: checking whether the C compiler works
configure:3889: gcc    conftest.c  >&5
configure:3893: $? = 0
configure:3941: result: yes
configure:3944: checking for C compiler default output file name
configure:3946: result: a.out
configure:3952: checking for suffix of executables
configure:3959: gcc -o conftest    conftest.c  >&5
configure:3963: $? = 0
configure:3985: result: 
configure:4007: checking whether we are cross compiling
configure:4015: gcc -o conftest    conftest.c  >&5
configure:4019: $? = 0
configure:4026: ./conftest
configure:4030: $? = 0
configure:4045: result: no
configure:4050: checking for suffix of object files
configure:4072: gcc -c   conftest.c >&5
configure:4076: $? = 0
configure:4097: result: o
configure:4101: checking whether we are using the GNU C compiler
configure:4120: gcc -c   conftest.c >&5
configure:4120: $? = 0
configure:4129: result: yes
configure:4138: checking whether gcc accepts -g
configure:4158: gcc -c -g  conftest.c >&5
configure:4158: $? = 0
configure:4199: result: yes
configure:4216: checking for gcc option to accept ISO C89
configure:4279: gcc  -c   conftest.c >&5
configure:4279: $? = 0
configure:4292: result: none needed
configure:4323: checking for style of include used by make
configure:4351: result: GNU
configure:4377: checking dependency style of gcc
configure:4488: result: gcc3
configure:4561: checking for g++
configure:4577: found /opt/rh/devtoolset-7/root/usr/bin/g++
configure:4588: result: g++
configure:4615: checking for C++ compiler version
configure:4624: g++ --version >&5
g++ (GCC) 7.3.1 20180303 (Red Hat 7.3.1-5)
Copyright (C) 2017 Free Software Foundation, Inc.
This is free software; see the source for copying conditions.  There is NO
warranty; not even for MERCHANTABILITY or FITNESS FOR A PARTICULAR PURPOSE.

configure:4635: $? = 0
configure:4624: g++ -v >&5
Using built-in specs.
COLLECT_GCC=g++
COLLECT_LTO_WRAPPER=/opt/rh/devtoolset-7/root/usr/libexec/gcc/x86_64-redhat-linux/7/lto-wrapper
Target: x86_64-redhat-linux
Configured with: ../configure --enable-bootstrap --enable-languages=c,c++,fortran,lto --prefix=/opt/rh/devtoolset-7/root/usr --mandir=/opt/rh/devtoolset-7/root/usr/share/man --infodir=/opt/rh/devtoolset-7/root/usr/share/info --with-bugurl=http://bugzilla.redhat.com/bugzilla --enable-shared --enable-threads=posix --enable-checking=release --enable-multilib --with-system-zlib --enable-__cxa_atexit --disable-libunwind-exceptions --enable-gnu-unique-object --enable-linker-build-id --with-gcc-major-version-only --enable-plugin --with-linker-hash-style=gnu --enable-initfini-array --with-default-libstdcxx-abi=gcc4-compatible --with-isl=/builddir/build/BUILD/gcc-7.3.1-20180303/obj-x86_64-redhat-linux/isl-install --enable-libmpx --enable-gnu-indirect-function --with-tune=generic --with-arch_32=i686 --build=x86_64-redhat-linux
Thread model: posix
gcc version 7.3.1 20180303 (Red Hat 7.3.1-5) (GCC) 
configure:4635: $? = 0
configure:4624: g++ -V >&5
g++: error: unrecognized command line option '-V'
g++: fatal error: no input files
compilation terminated.
configure:4635: $? = 1
configure:4624: g++ -qversion >&5
g++: error: unrecognized command line option '-qversion'; did you mean '--version'?
g++: fatal error: no input files
compilation terminated.
configure:4635: $? = 1
configure:4639: checking whether we are using the GNU C++ compiler
configure:4658: g++ -c   conftest.cpp >&5
configure:4658: $? = 0
configure:4667: result: yes
configure:4676: checking whether g++ accepts -g
configure:4696: g++ -c -g  conftest.cpp >&5
configure:4696: $? = 0
configure:4737: result: yes
configure:4762: checking dependency style of g++
configure:4873: result: gcc3
configure:4893: checking how to run the C preprocessor
configure:4924: gcc -E  conftest.c
configure:4924: $? = 0
configure:4938: gcc -E  conftest.c
conftest.c:11:10: fatal error: ac_nonexistent.h: No such file or directory
 #include <ac_nonexistent.h>
          ^~~~~~~~~~~~~~~~~~
compilation terminated.
configure:4938: $? = 1
configure: failed program was:
| /* confdefs.h */
| #define PACKAGE_NAME "Protocol Buffers"
| #define PACKAGE_TARNAME "protobuf"
| #define PACKAGE_VERSION "3.20.2"
| #define PACKAGE_STRING "Protocol Buffers 3.20.2"
| #define PACKAGE_BUGREPORT "protobuf@googlegroups.com"
| #define PACKAGE_URL ""
| #define PACKAGE "protobuf"
| #define VERSION "3.20.2"
| /* end confdefs.h.  */
| #include <ac_nonexistent.h>
configure:4963: result: gcc -E
configure:4983: gcc -E  conftest.c
configure:4983: $? = 0
configure:4997: gcc -E  conftest.c
conftest.c:11:10: fatal error: ac_nonexistent.h: No such file or directory
 #include <ac_nonexistent.h>
          ^~~~~~~~~~~~~~~~~~
compilation terminated.
configure:4997: $? = 1
configure: failed program was:
| /* confdefs.h */
| #define PACKAGE_NAME "Protocol Buffers"
| #define PACKAGE_TARNAME "protobuf"
| #define PACKAGE_VERSION "3.20.2"
| #define PACKAGE_STRING "Protocol Buffers 3.20.2"
| #define PACKAGE_BUGREPORT "protobuf@googlegroups.com"
| #define PACKAGE_URL ""
| #define PACKAGE "protobuf"
| #define VERSION "3.20.2"
| /* end confdefs.h.  */
| #include <ac_nonexistent.h>
configure:5081: checking for gcc
configure:5097: found /opt/rh/devtoolset-7/root/usr/bin/gcc
configure:5108: result: gcc
configure:5337: checking for C compiler version
configure:5346: gcc --version >&5
gcc (GCC) 7.3.1 20180303 (Red Hat 7.3.1-5)
Copyright (C) 2017 Free Software Foundation, Inc.
This is free software; see the source for copying conditions.  There is NO
warranty; not even for MERCHANTABILITY or FITNESS FOR A PARTICULAR PURPOSE.

configure:5357: $? = 0
configure:5346: gcc -v >&5
Using built-in specs.
COLLECT_GCC=gcc
COLLECT_LTO_WRAPPER=/opt/rh/devtoolset-7/root/usr/libexec/gcc/x86_64-redhat-linux/7/lto-wrapper
Target: x86_64-redhat-linux
Configured with: ../configure --enable-bootstrap --enable-languages=c,c++,fortran,lto --prefix=/opt/rh/devtoolset-7/root/usr --mandir=/opt/rh/devtoolset-7/root/usr/share/man --infodir=/opt/rh/devtoolset-7/root/usr/share/info --with-bugurl=http://bugzilla.redhat.com/bugzilla --enable-shared --enable-threads=posix --enable-checking=release --enable-multilib --with-system-zlib --enable-__cxa_atexit --disable-libunwind-exceptions --enable-gnu-unique-object --enable-linker-build-id --with-gcc-major-version-only --enable-plugin --with-linker-hash-style=gnu --enable-initfini-array --with-default-libstdcxx-abi=gcc4-compatible --with-isl=/builddir/build/BUILD/gcc-7.3.1-20180303/obj-x86_64-redhat-linux/isl-install --enable-libmpx --enable-gnu-indirect-function --with-tune=generic --with-arch_32=i686 --build=x86_64-redhat-linux
Thread model: posix
gcc version 7.3.1 20180303 (Red Hat 7.3.1-5) (GCC) 
configure:5357: $? = 0
configure:5346: gcc -V >&5
gcc: error: unrecognized command line option '-V'
gcc: fatal error: no input files
compilation terminated.
configure:5357: $? = 1
configure:5346: gcc -qversion >&5
gcc: error: unrecognized command line option '-qversion'; did you mean '--version'?
gcc: fatal error: no input files
compilation terminated.
configure:5357: $? = 1
configure:5361: checking whether we are using the GNU C compiler
configure:5389: result: yes
configure:5398: checking whether gcc accepts -g
configure:5418: gcc -c   conftest.c >&5
configure:5418: $? = 0
configure:5459: result: yes
configure:5476: checking for gcc option to accept ISO C89
configure:5552: result: none needed
configure:5574: checking dependency style of gcc
configure:5685: result: gcc3
configure:5705: checking how to run the C preprocessor
configure:5736: gcc -E  conftest.c
configure:5736: $? = 0
configure:5750: gcc -E  conftest.c
conftest.c:11:10: fatal error: ac_nonexistent.h: No such file or directory
 #include <ac_nonexistent.h>
          ^~~~~~~~~~~~~~~~~~
compilation terminated.
configure:5750: $? = 1
configure: failed program was:
| /* confdefs.h */
| #define PACKAGE_NAME "Protocol Buffers"
| #define PACKAGE_TARNAME "protobuf"
| #define PACKAGE_VERSION "3.20.2"
| #define PACKAGE_STRING "Protocol Buffers 3.20.2"
| #define PACKAGE_BUGREPORT "protobuf@googlegroups.com"
| #define PACKAGE_URL ""
| #define PACKAGE "protobuf"
| #define VERSION "3.20.2"
| /* end confdefs.h.  */
| #include <ac_nonexistent.h>
configure:5775: result: gcc -E
configure:5795: gcc -E  conftest.c
configure:5795: $? = 0
configure:5809: gcc -E  conftest.c
conftest.c:11:10: fatal error: ac_nonexistent.h: No such file or directory
 #include <ac_nonexistent.h>
          ^~~~~~~~~~~~~~~~~~
compilation terminated.
configure:5809: $? = 1
configure: failed program was:
| /* confdefs.h */
| #define PACKAGE_NAME "Protocol Buffers"
| #define PACKAGE_TARNAME "protobuf"
| #define PACKAGE_VERSION "3.20.2"
| #define PACKAGE_STRING "Protocol Buffers 3.20.2"
| #define PACKAGE_BUGREPORT "protobuf@googlegroups.com"
| #define PACKAGE_URL ""
| #define PACKAGE "protobuf"
| #define VERSION "3.20.2"
| /* end confdefs.h.  */
| #include <ac_nonexistent.h>
configure:5851: checking how to run the C++ preprocessor
configure:5878: g++ -E  conftest.cpp
configure:5878: $? = 0
configure:5892: g++ -E  conftest.cpp
conftest.cpp:11:10: fatal error: ac_nonexistent.h: No such file or directory
 #include <ac_nonexistent.h>
          ^~~~~~~~~~~~~~~~~~
compilation terminated.
configure:5892: $? = 1
configure: failed program was:
| /* confdefs.h */
| #define PACKAGE_NAME "Protocol Buffers"
| #define PACKAGE_TARNAME "protobuf"
| #define PACKAGE_VERSION "3.20.2"
| #define PACKAGE_STRING "Protocol Buffers 3.20.2"
| #define PACKAGE_BUGREPORT "protobuf@googlegroups.com"
| #define PACKAGE_URL ""
| #define PACKAGE "protobuf"
| #define VERSION "3.20.2"
| /* end confdefs.h.  */
| #include <ac_nonexistent.h>
configure:5917: result: g++ -E
configure:5937: g++ -E  conftest.cpp
configure:5937: $? = 0
configure:5951: g++ -E  conftest.cpp
conftest.cpp:11:10: fatal error: ac_nonexistent.h: No such file or directory
 #include <ac_nonexistent.h>
          ^~~~~~~~~~~~~~~~~~
compilation terminated.
configure:5951: $? = 1
configure: failed program was:
| /* confdefs.h */
| #define PACKAGE_NAME "Protocol Buffers"
| #define PACKAGE_TARNAME "protobuf"
| #define PACKAGE_VERSION "3.20.2"
| #define PACKAGE_STRING "Protocol Buffers 3.20.2"
| #define PACKAGE_BUGREPORT "protobuf@googlegroups.com"
| #define PACKAGE_URL ""
| #define PACKAGE "protobuf"
| #define VERSION "3.20.2"
| /* end confdefs.h.  */
| #include <ac_nonexistent.h>
configure:6044: checking for g++
configure:6060: found /opt/rh/devtoolset-7/root/usr/bin/g++
configure:6071: result: g++
configure:6098: checking for C++ compiler version
configure:6107: g++ --version >&5
g++ (GCC) 7.3.1 20180303 (Red Hat 7.3.1-5)
Copyright (C) 2017 Free Software Foundation, Inc.
This is free software; see the source for copying conditions.  There is NO
warranty; not even for MERCHANTABILITY or FITNESS FOR A PARTICULAR PURPOSE.

configure:6118: $? = 0
configure:6107: g++ -v >&5
Using built-in specs.
COLLECT_GCC=g++
COLLECT_LTO_WRAPPER=/opt/rh/devtoolset-7/root/usr/libexec/gcc/x86_64-redhat-linux/7/lto-wrapper
Target: x86_64-redhat-linux
Configured with: ../configure --enable-bootstrap --enable-languages=c,c++,fortran,lto --prefix=/opt/rh/devtoolset-7/root/usr --mandir=/opt/rh/devtoolset-7/root/usr/share/man --infodir=/opt/rh/devtoolset-7/root/usr/share/info --with-bugurl=http://bugzilla.redhat.com/bugzilla --enable-shared --enable-threads=posix --enable-checking=release --enable-multilib --with-system-zlib --enable-__cxa_atexit --disable-libunwind-exceptions --enable-gnu-unique-object --enable-linker-build-id --with-gcc-major-version-only --enable-plugin --with-linker-hash-style=gnu --enable-initfini-array --with-default-libstdcxx-abi=gcc4-compatible --with-isl=/builddir/build/BUILD/gcc-7.3.1-20180303/obj-x86_64-redhat-linux/isl-install --enable-libmpx --enable-gnu-indirect-function --with-tune=generic --with-arch_32=i686 --build=x86_64-redhat-linux
Thread model: posix
gcc version 7.3.1 20180303 (Red Hat 7.3.1-5) (GCC) 
configure:6118: $? = 0
configure:6107: g++ -V >&5
g++: error: unrecognized command line option '-V'
g++: fatal error: no input files
compilation terminated.
configure:6118: $? = 1
configure:6107: g++ -qversion >&5
g++: error: unrecognized command line option '-qversion'; did you mean '--version'?
g++: fatal error: no input files
compilation terminated.
configure:6118: $? = 1
configure:6122: checking whether we are using the GNU C++ compiler
configure:6150: result: yes
configure:6159: checking whether g++ accepts -g
configure:6179: gcc -c   conftest.cpp >&5
configure:6179: $? = 0
configure:6220: result: yes
configure:6245: checking dependency style of g++
configure:6356: result: gcc3
configure:6376: checking how to run the C++ preprocessor
configure:6403: g++ -E  conftest.cpp
configure:6403: $? = 0
configure:6417: g++ -E  conftest.cpp
conftest.cpp:11:10: fatal error: ac_nonexistent.h: No such file or directory
 #include <ac_nonexistent.h>
          ^~~~~~~~~~~~~~~~~~
compilation terminated.
configure:6417: $? = 1
configure: failed program was:
| /* confdefs.h */
| #define PACKAGE_NAME "Protocol Buffers"
| #define PACKAGE_TARNAME "protobuf"
| #define PACKAGE_VERSION "3.20.2"
| #define PACKAGE_STRING "Protocol Buffers 3.20.2"
| #define PACKAGE_BUGREPORT "protobuf@googlegroups.com"
| #define PACKAGE_URL ""
| #define PACKAGE "protobuf"
| #define VERSION "3.20.2"
| /* end confdefs.h.  */
| #include <ac_nonexistent.h>
configure:6442: result: g++ -E
configure:6462: g++ -E  conftest.cpp
configure:6462: $? = 0
configure:6476: g++ -E  conftest.cpp
conftest.cpp:11:10: fatal error: ac_nonexistent.h: No such file or directory
 #include <ac_nonexistent.h>
          ^~~~~~~~~~~~~~~~~~
compilation terminated.
configure:6476: $? = 1
configure: failed program was:
| /* confdefs.h */
| #define PACKAGE_NAME "Protocol Buffers"
| #define PACKAGE_TARNAME "protobuf"
| #define PACKAGE_VERSION "3.20.2"
| #define PACKAGE_STRING "Protocol Buffers 3.20.2"
| #define PACKAGE_BUGREPORT "protobuf@googlegroups.com"
| #define PACKAGE_URL ""
| #define PACKAGE "protobuf"
| #define VERSION "3.20.2"
| /* end confdefs.h.  */
| #include <ac_nonexistent.h>
configure:6518: checking for grep that handles long lines and -e
configure:6576: result: /usr/bin/grep
configure:6581: checking for egrep
configure:6643: result: /usr/bin/grep -E
configure:6648: checking for ANSI C header files
configure:6668: g++ -c   conftest.cpp >&5
configure:6668: $? = 0
configure:6741: g++ -o conftest    conftest.cpp  >&5
configure:6741: $? = 0
configure:6741: ./conftest
configure:6741: $? = 0
configure:6752: result: yes
configure:6765: checking for sys/types.h
configure:6765: g++ -c   conftest.cpp >&5
configure:6765: $? = 0
configure:6765: result: yes
configure:6765: checking for sys/stat.h
configure:6765: g++ -c   conftest.cpp >&5
configure:6765: $? = 0
configure:6765: result: yes
configure:6765: checking for stdlib.h
configure:6765: g++ -c   conftest.cpp >&5
configure:6765: $? = 0
configure:6765: result: yes
configure:6765: checking for string.h
configure:6765: g++ -c   conftest.cpp >&5
configure:6765: $? = 0
configure:6765: result: yes
configure:6765: checking for memory.h
configure:6765: g++ -c   conftest.cpp >&5
configure:6765: $? = 0
configure:6765: result: yes
configure:6765: checking for strings.h
configure:6765: g++ -c   conftest.cpp >&5
configure:6765: $? = 0
configure:6765: result: yes
configure:6765: checking for inttypes.h
configure:6765: g++ -c   conftest.cpp >&5
configure:6765: $? = 0
configure:6765: result: yes
configure:6765: checking for stdint.h
configure:6765: g++ -c   conftest.cpp >&5
configure:6765: $? = 0
configure:6765: result: yes
configure:6765: checking for unistd.h
configure:6765: g++ -c   conftest.cpp >&5
configure:6765: $? = 0
configure:6765: result: yes
configure:6778: checking minix/config.h usability
configure:6778: g++ -c   conftest.cpp >&5
conftest.cpp:54:10: fatal error: minix/config.h: No such file or directory
 #include <minix/config.h>
          ^~~~~~~~~~~~~~~~
compilation terminated.
configure:6778: $? = 1
configure: failed program was:
| /* confdefs.h */
| #define PACKAGE_NAME "Protocol Buffers"
| #define PACKAGE_TARNAME "protobuf"
| #define PACKAGE_VERSION "3.20.2"
| #define PACKAGE_STRING "Protocol Buffers 3.20.2"
| #define PACKAGE_BUGREPORT "protobuf@googlegroups.com"
| #define PACKAGE_URL ""
| #define PACKAGE "protobuf"
| #define VERSION "3.20.2"
| #define STDC_HEADERS 1
| #define HAVE_SYS_TYPES_H 1
| #define HAVE_SYS_STAT_H 1
| #define HAVE_STDLIB_H 1
| #define HAVE_STRING_H 1
| #define HAVE_MEMORY_H 1
| #define HAVE_STRINGS_H 1
| #define HAVE_INTTYPES_H 1
| #define HAVE_STDINT_H 1
| #define HAVE_UNISTD_H 1
| /* end confdefs.h.  */
| #include <stdio.h>
| #ifdef HAVE_SYS_TYPES_H
| # include <sys/types.h>
| #endif
| #ifdef HAVE_SYS_STAT_H
| # include <sys/stat.h>
| #endif
| #ifdef STDC_HEADERS
| # include <stdlib.h>
| # include <stddef.h>
| #else
| # ifdef HAVE_STDLIB_H
| #  include <stdlib.h>
| # endif
| #endif
| #ifdef HAVE_STRING_H
| # if !defined STDC_HEADERS && defined HAVE_MEMORY_H
| #  include <memory.h>
| # endif
| # include <string.h>
| #endif
| #ifdef HAVE_STRINGS_H
| # include <strings.h>
| #endif
| #ifdef HAVE_INTTYPES_H
| # include <inttypes.h>
| #endif
| #ifdef HAVE_STDINT_H
| # include <stdint.h>
| #endif
| #ifdef HAVE_UNISTD_H
| # include <unistd.h>
| #endif
| #include <minix/config.h>
configure:6778: result: no
configure:6778: checking minix/config.h presence
configure:6778: g++ -E  conftest.cpp
conftest.cpp:21:10: fatal error: minix/config.h: No such file or directory
 #include <minix/config.h>
          ^~~~~~~~~~~~~~~~
compilation terminated.
configure:6778: $? = 1
configure: failed program was:
| /* confdefs.h */
| #define PACKAGE_NAME "Protocol Buffers"
| #define PACKAGE_TARNAME "protobuf"
| #define PACKAGE_VERSION "3.20.2"
| #define PACKAGE_STRING "Protocol Buffers 3.20.2"
| #define PACKAGE_BUGREPORT "protobuf@googlegroups.com"
| #define PACKAGE_URL ""
| #define PACKAGE "protobuf"
| #define VERSION "3.20.2"
| #define STDC_HEADERS 1
| #define HAVE_SYS_TYPES_H 1
| #define HAVE_SYS_STAT_H 1
| #define HAVE_STDLIB_H 1
| #define HAVE_STRING_H 1
| #define HAVE_MEMORY_H 1
| #define HAVE_STRINGS_H 1
| #define HAVE_INTTYPES_H 1
| #define HAVE_STDINT_H 1
| #define HAVE_UNISTD_H 1
| /* end confdefs.h.  */
| #include <minix/config.h>
configure:6778: result: no
configure:6778: checking for minix/config.h
configure:6778: result: no
configure:6799: checking whether it is safe to define __EXTENSIONS__
configure:6817: g++ -c   conftest.cpp >&5
configure:6817: $? = 0
configure:6824: result: yes
configure:6892: checking for ar
configure:6908: found /opt/rh/devtoolset-7/root/usr/bin/ar
configure:6919: result: ar
configure:6945: checking the archiver (ar) interface
configure:6955: g++ -c   conftest.cpp >&5
configure:6955: $? = 0
configure:6957: ar cru libconftest.a conftest.o >&5
configure:6960: $? = 0
configure:6983: result: ar
configure:7402: checking C++ compiler flags...
configure:7418: result: use default: -O2  -g -std=c++11 -DNDEBUG
configure:7438: checking whether __SUNPRO_CC is declared
configure:7438: g++ -c  -g -std=c++11 -DNDEBUG  conftest.cpp >&5
conftest.cpp: In function 'int main()':
conftest.cpp:64:10: error: '__SUNPRO_CC' was not declared in this scope
   (void) __SUNPRO_CC;
          ^~~~~~~~~~~
configure:7438: $? = 1
configure: failed program was:
| /* confdefs.h */
| #define PACKAGE_NAME "Protocol Buffers"
| #define PACKAGE_TARNAME "protobuf"
| #define PACKAGE_VERSION "3.20.2"
| #define PACKAGE_STRING "Protocol Buffers 3.20.2"
| #define PACKAGE_BUGREPORT "protobuf@googlegroups.com"
| #define PACKAGE_URL ""
| #define PACKAGE "protobuf"
| #define VERSION "3.20.2"
| #define STDC_HEADERS 1
| #define HAVE_SYS_TYPES_H 1
| #define HAVE_SYS_STAT_H 1
| #define HAVE_STDLIB_H 1
| #define HAVE_STRING_H 1
| #define HAVE_MEMORY_H 1
| #define HAVE_STRINGS_H 1
| #define HAVE_INTTYPES_H 1
| #define HAVE_STDINT_H 1
| #define HAVE_UNISTD_H 1
| #define __EXTENSIONS__ 1
| #define _ALL_SOURCE 1
| #define _GNU_SOURCE 1
| #define _POSIX_PTHREAD_SEMANTICS 1
| #define _TANDEM_SOURCE 1
| /* end confdefs.h.  */
| #include <stdio.h>
| #ifdef HAVE_SYS_TYPES_H
| # include <sys/types.h>
| #endif
| #ifdef HAVE_SYS_STAT_H
| # include <sys/stat.h>
| #endif
| #ifdef STDC_HEADERS
| # include <stdlib.h>
| # include <stddef.h>
| #else
| # ifdef HAVE_STDLIB_H
| #  include <stdlib.h>
| # endif
| #endif
| #ifdef HAVE_STRING_H
| # if !defined STDC_HEADERS && defined HAVE_MEMORY_H
| #  include <memory.h>
| # endif
| # include <string.h>
| #endif
| #ifdef HAVE_STRINGS_H
| # include <strings.h>
| #endif
| #ifdef HAVE_INTTYPES_H
| # include <inttypes.h>
| #endif
| #ifdef HAVE_STDINT_H
| # include <stdint.h>
| #endif
| #ifdef HAVE_UNISTD_H
| # include <unistd.h>
| #endif
| int
| main ()
| {
| #ifndef __SUNPRO_CC
| #ifdef __cplusplus
|   (void) __SUNPRO_CC;
| #else
|   (void) __SUNPRO_CC;
| #endif
| #endif
| 
|   ;
|   return 0;
| }
configure:7438: result: no
configure:7607: checking how to print strings
configure:7634: result: printf
configure:7655: checking for a sed that does not truncate output
configure:7719: result: /usr/bin/sed
configure:7737: checking for fgrep
configure:7799: result: /usr/bin/grep -F
configure:7834: checking for ld used by gcc
configure:7901: result: /opt/rh/devtoolset-7/root/usr/libexec/gcc/x86_64-redhat-linux/7/ld
configure:7908: checking if the linker (/opt/rh/devtoolset-7/root/usr/libexec/gcc/x86_64-redhat-linux/7/ld) is GNU ld
configure:7923: result: yes
configure:7935: checking for BSD- or MS-compatible name lister (nm)
configure:7984: result: /opt/rh/devtoolset-7/root/usr/bin/nm -B
configure:8114: checking the name lister (/opt/rh/devtoolset-7/root/usr/bin/nm -B) interface
configure:8121: g++ -c  -g -std=c++11 -DNDEBUG  conftest.cpp >&5
configure:8124: /opt/rh/devtoolset-7/root/usr/bin/nm -B "conftest.o"
configure:8127: output
0000000000000000 B some_variable
configure:8134: result: BSD nm
configure:8137: checking whether ln -s works
configure:8141: result: yes
configure:8149: checking the maximum length of command line arguments
configure:8279: result: 1572864
configure:8296: checking whether the shell understands some XSI constructs
configure:8306: result: yes
configure:8310: checking whether the shell understands "+="
configure:8316: result: yes
configure:8351: checking how to convert x86_64-unknown-linux-gnu file names to x86_64-unknown-linux-gnu format
configure:8391: result: func_convert_file_noop
configure:8398: checking how to convert x86_64-unknown-linux-gnu file names to toolchain format
configure:8418: result: func_convert_file_noop
configure:8425: checking for /opt/rh/devtoolset-7/root/usr/libexec/gcc/x86_64-redhat-linux/7/ld option to reload object files
configure:8432: result: -r
configure:8506: checking for objdump
configure:8522: found /opt/rh/devtoolset-7/root/usr/bin/objdump
configure:8533: result: objdump
configure:8565: checking how to recognize dependent libraries
configure:8767: result: pass_all
configure:8852: checking for dlltool
configure:8882: result: no
configure:8912: checking how to associate runtime and link libraries
configure:8939: result: printf %s\n
configure:9063: checking for archiver @FILE support
configure:9080: g++ -c  -g -std=c++11 -DNDEBUG  conftest.cpp >&5
configure:9080: $? = 0
configure:9083: ar cru libconftest.a @conftest.lst >&5
configure:9086: $? = 0
configure:9091: ar cru libconftest.a @conftest.lst >&5
ar: conftest.o: No such file or directory
configure:9094: $? = 1
configure:9106: result: @
configure:9164: checking for strip
configure:9180: found /opt/rh/devtoolset-7/root/usr/bin/strip
configure:9191: result: strip
configure:9263: checking for ranlib
configure:9279: found /opt/rh/devtoolset-7/root/usr/bin/ranlib
configure:9290: result: ranlib
configure:9392: checking command to parse /opt/rh/devtoolset-7/root/usr/bin/nm -B output from gcc object
configure:9512: g++ -c  -g -std=c++11 -DNDEBUG  conftest.cpp >&5
configure:9515: $? = 0
configure:9519: /opt/rh/devtoolset-7/root/usr/bin/nm -B conftest.o \| sed -n -e 's/^.*[ ]\([ABCDGIRSTW][ABCDGIRSTW]*\)[ ][ ]*\([_A-Za-z][_A-Za-z0-9]*\)$/\1 \2 \2/p' | sed '/ __gnu_lto/d' \> conftest.nm
configure:9522: $? = 0
configure:9588: g++ -o conftest  -g -std=c++11 -DNDEBUG   conftest.cpp conftstm.o >&5
configure:9591: $? = 0
configure:9629: result: ok
configure:9666: checking for sysroot
configure:9696: result: no
configure:9774: g++ -c  -g -std=c++11 -DNDEBUG  conftest.cpp >&5
configure:9777: $? = 0
configure:9953: checking for mt
configure:9983: result: no
configure:10003: checking if : is a manifest tool
configure:10009: : '-?'
configure:10017: result: no
configure:10656: checking for dlfcn.h
configure:10656: g++ -c  -g -std=c++11 -DNDEBUG  conftest.cpp >&5
configure:10656: $? = 0
configure:10656: result: yes
configure:10872: checking for objdir
configure:10887: result: .libs
configure:11158: checking if gcc supports -fno-rtti -fno-exceptions
configure:11176: gcc -c   -fno-rtti -fno-exceptions conftest.c >&5
cc1: warning: command line option '-fno-rtti' is valid for C++/ObjC++ but not for C
configure:11180: $? = 0
configure:11193: result: no
configure:11520: checking for gcc option to produce PIC
configure:11527: result: -fPIC -DPIC
configure:11535: checking if gcc PIC flag -fPIC -DPIC works
configure:11553: gcc -c   -fPIC -DPIC -DPIC conftest.c >&5
configure:11557: $? = 0
configure:11570: result: yes
configure:11599: checking if gcc static flag -static works
configure:11627: result: no
configure:11642: checking if gcc supports -c -o file.o
configure:11663: gcc -c   -o out/conftest2.o conftest.c >&5
configure:11667: $? = 0
configure:11689: result: yes
configure:11697: checking if gcc supports -c -o file.o
configure:11744: result: yes
configure:11777: checking whether the gcc linker (/opt/rh/devtoolset-7/root/usr/libexec/gcc/x86_64-redhat-linux/7/ld -m elf_x86_64) supports shared libraries
configure:12930: result: yes
configure:12967: checking whether -lc should be explicitly linked in
configure:12975: gcc -c   conftest.c >&5
configure:12978: $? = 0
configure:12993: gcc -shared  -fPIC -DPIC conftest.o  -v -Wl,-soname -Wl,conftest -o conftest 2\>\&1 \| /usr/bin/grep  -lc  \>/dev/null 2\>\&1
configure:12996: $? = 0
configure:13010: result: no
configure:13170: checking dynamic linker characteristics
configure:13681: gcc -o conftest    -Wl,-rpath -Wl,/foo conftest.c  >&5
configure:13681: $? = 0
configure:13907: result: GNU/Linux ld.so
configure:14014: checking how to hardcode library paths into programs
configure:14039: result: immediate
configure:14579: checking whether stripping libraries is possible
configure:14584: result: yes
configure:14619: checking if libtool supports shared libraries
configure:14621: result: yes
configure:14624: checking whether to build shared libraries
configure:14645: result: yes
configure:14648: checking whether to build static libraries
configure:14652: result: yes
configure:14675: checking how to run the C++ preprocessor
configure:14741: result: g++ -E
configure:14761: g++ -E  conftest.cpp
configure:14761: $? = 0
configure:14775: g++ -E  conftest.cpp
conftest.cpp:28:10: fatal error: ac_nonexistent.h: No such file or directory
 #include <ac_nonexistent.h>
          ^~~~~~~~~~~~~~~~~~
compilation terminated.
configure:14775: $? = 1
configure: failed program was:
| /* confdefs.h */
| #define PACKAGE_NAME "Protocol Buffers"
| #define PACKAGE_TARNAME "protobuf"
| #define PACKAGE_VERSION "3.20.2"
| #define PACKAGE_STRING "Protocol Buffers 3.20.2"
| #define PACKAGE_BUGREPORT "protobuf@googlegroups.com"
| #define PACKAGE_URL ""
| #define PACKAGE "protobuf"
| #define VERSION "3.20.2"
| #define STDC_HEADERS 1
| #define HAVE_SYS_TYPES_H 1
| #define HAVE_SYS_STAT_H 1
| #define HAVE_STDLIB_H 1
| #define HAVE_STRING_H 1
| #define HAVE_MEMORY_H 1
| #define HAVE_STRINGS_H 1
| #define HAVE_INTTYPES_H 1
| #define HAVE_STDINT_H 1
| #define HAVE_UNISTD_H 1
| #define __EXTENSIONS__ 1
| #define _ALL_SOURCE 1
| #define _GNU_SOURCE 1
| #define _POSIX_PTHREAD_SEMANTICS 1
| #define _TANDEM_SOURCE 1
| #define HAVE_DLFCN_H 1
| #define LT_OBJDIR ".libs/"
| /* end confdefs.h.  */
| #include <ac_nonexistent.h>
configure:14944: checking for ld used by g++
configure:15011: result: /opt/rh/devtoolset-7/root/usr/libexec/gcc/x86_64-redhat-linux/7/ld -m elf_x86_64
configure:15018: checking if the linker (/opt/rh/devtoolset-7/root/usr/libexec/gcc/x86_64-redhat-linux/7/ld -m elf_x86_64) is GNU ld
configure:15033: result: yes
configure:15088: checking whether the g++ linker (/opt/rh/devtoolset-7/root/usr/libexec/gcc/x86_64-redhat-linux/7/ld -m elf_x86_64) supports shared libraries
configure:16093: result: yes
configure:16129: g++ -c  -g -std=c++11 -DNDEBUG  conftest.cpp >&5
configure:16132: $? = 0
configure:16652: checking for g++ option to produce PIC
configure:16659: result: -fPIC -DPIC
configure:16667: checking if g++ PIC flag -fPIC -DPIC works
configure:16685: g++ -c  -g -std=c++11 -DNDEBUG  -fPIC -DPIC -DPIC conftest.cpp >&5
configure:16689: $? = 0
configure:16702: result: yes
configure:16725: checking if g++ static flag -static works
configure:16753: result: no
configure:16765: checking if g++ supports -c -o file.o
configure:16786: g++ -c  -g -std=c++11 -DNDEBUG  -o out/conftest2.o conftest.cpp >&5
configure:16790: $? = 0
configure:16812: result: yes
configure:16817: checking if g++ supports -c -o file.o
configure:16864: result: yes
configure:16894: checking whether the g++ linker (/opt/rh/devtoolset-7/root/usr/libexec/gcc/x86_64-redhat-linux/7/ld -m elf_x86_64) supports shared libraries
configure:16930: result: yes
configure:17071: checking dynamic linker characteristics
configure:17742: result: GNU/Linux ld.so
configure:17795: checking how to hardcode library paths into programs
configure:17820: result: immediate
configure:17883: checking whether the linker supports version scripts
configure:17899: g++ -o conftest  -g -std=c++11 -DNDEBUG   -Wl,--version-script=conftest.map conftest.cpp  >&5
configure:17899: $? = 0
configure:17900: result: yes
configure:17919: checking for ANSI C header files
configure:18023: result: yes
configure:18034: checking fcntl.h usability
configure:18034: g++ -c  -g -std=c++11 -DNDEBUG  conftest.cpp >&5
configure:18034: $? = 0
configure:18034: result: yes
configure:18034: checking fcntl.h presence
configure:18034: g++ -E  conftest.cpp
configure:18034: $? = 0
configure:18034: result: yes
configure:18034: checking for fcntl.h
configure:18034: result: yes
configure:18034: checking for inttypes.h
configure:18034: result: yes
configure:18034: checking limits.h usability
configure:18034: g++ -c  -g -std=c++11 -DNDEBUG  conftest.cpp >&5
configure:18034: $? = 0
configure:18034: result: yes
configure:18034: checking limits.h presence
configure:18034: g++ -E  conftest.cpp
configure:18034: $? = 0
configure:18034: result: yes
configure:18034: checking for limits.h
configure:18034: result: yes
configure:18034: checking for stdlib.h
configure:18034: result: yes
configure:18034: checking for unistd.h
configure:18034: result: yes
configure:18046: checking for working memcmp
configure:18089: g++ -o conftest  -g -std=c++11 -DNDEBUG   conftest.cpp  >&5
configure:18089: $? = 0
configure:18089: ./conftest
configure:18089: $? = 0
configure:18099: result: yes
configure:18108: checking for working strtod
configure:18149: g++ -o conftest  -g -std=c++11 -DNDEBUG   conftest.cpp  >&5
conftest.cpp: In function 'int main()':
conftest.cpp:76:20: warning: ISO C++ forbids converting a string constant to 'char*' [-Wwrite-strings]
     char *string = " +69";
                    ^~~~~~
conftest.cpp:87:20: warning: ISO C++ forbids converting a string constant to 'char*' [-Wwrite-strings]
     char *string = "NaN";
                    ^~~~~
configure:18149: $? = 0
configure:18149: ./conftest
configure:18149: $? = 0
configure:18159: result: yes
configure:18224: checking for ftruncate
configure:18224: g++ -o conftest  -g -std=c++11 -DNDEBUG   conftest.cpp  >&5
configure:18224: $? = 0
configure:18224: result: yes
configure:18224: checking for memset
configure:18224: g++ -o conftest  -g -std=c++11 -DNDEBUG   conftest.cpp  >&5
conftest.cpp:58:6: warning: declaration of 'char memset()' conflicts with built-in declaration 'void* memset(void*, int, long unsigned int)' [-Wbuiltin-declaration-mismatch]
 char memset ();
      ^~~~~~
configure:18224: $? = 0
configure:18224: result: yes
configure:18224: checking for mkdir
configure:18224: g++ -o conftest  -g -std=c++11 -DNDEBUG   conftest.cpp  >&5
configure:18224: $? = 0
configure:18224: result: yes
configure:18224: checking for strchr
configure:18224: g++ -o conftest  -g -std=c++11 -DNDEBUG   conftest.cpp  >&5
conftest.cpp:60:6: warning: declaration of 'char strchr()' conflicts with built-in declaration 'char* strchr(const char*, int)' [-Wbuiltin-declaration-mismatch]
 char strchr ();
      ^~~~~~
configure:18224: $? = 0
configure:18224: result: yes
configure:18224: checking for strerror
configure:18224: g++ -o conftest  -g -std=c++11 -DNDEBUG   conftest.cpp  >&5
configure:18224: $? = 0
configure:18224: result: yes
configure:18224: checking for strtol
configure:18224: g++ -o conftest  -g -std=c++11 -DNDEBUG   conftest.cpp  >&5
configure:18224: $? = 0
configure:18224: result: yes
configure:18238: checking zlib version
configure:18258: g++ -c  -g -std=c++11 -DNDEBUG  conftest.cpp >&5
conftest.cpp:41:18: fatal error: zlib.h: No such file or directory
         #include <zlib.h>
                  ^~~~~~~~
compilation terminated.
configure:18258: $? = 1
configure: failed program was:
| /* confdefs.h */
| #define PACKAGE_NAME "Protocol Buffers"
| #define PACKAGE_TARNAME "protobuf"
| #define PACKAGE_VERSION "3.20.2"
| #define PACKAGE_STRING "Protocol Buffers 3.20.2"
| #define PACKAGE_BUGREPORT "protobuf@googlegroups.com"
| #define PACKAGE_URL ""
| #define PACKAGE "protobuf"
| #define VERSION "3.20.2"
| #define STDC_HEADERS 1
| #define HAVE_SYS_TYPES_H 1
| #define HAVE_SYS_STAT_H 1
| #define HAVE_STDLIB_H 1
| #define HAVE_STRING_H 1
| #define HAVE_MEMORY_H 1
| #define HAVE_STRINGS_H 1
| #define HAVE_INTTYPES_H 1
| #define HAVE_STDINT_H 1
| #define HAVE_UNISTD_H 1
| #define __EXTENSIONS__ 1
| #define _ALL_SOURCE 1
| #define _GNU_SOURCE 1
| #define _POSIX_PTHREAD_SEMANTICS 1
| #define _TANDEM_SOURCE 1
| #define HAVE_DLFCN_H 1
| #define LT_OBJDIR ".libs/"
| #define STDC_HEADERS 1
| #define HAVE_FCNTL_H 1
| #define HAVE_INTTYPES_H 1
| #define HAVE_LIMITS_H 1
| #define HAVE_STDLIB_H 1
| #define HAVE_UNISTD_H 1
| #define HAVE_FTRUNCATE 1
| #define HAVE_MEMSET 1
| #define HAVE_MKDIR 1
| #define HAVE_STRCHR 1
| #define HAVE_STRERROR 1
| #define HAVE_STRTOL 1
| /* end confdefs.h.  */
| 
|         #include <zlib.h>
|         #if !defined(ZLIB_VERNUM) || (ZLIB_VERNUM < 0x1204)
|         # error zlib version too old
|         #endif
| 
| int
| main ()
| {
| 
|   ;
|   return 0;
| }
configure:18341: result: headers missing or too old (requires 1.2.0.4)
configure:18375: checking whether g++ supports C++11 features by default
configure:18688: g++ -c  -g -std=c++11 -DNDEBUG  conftest.cpp >&5
configure:18688: $? = 0
configure:18695: result: yes
configure:19072: checking whether -latomic is needed
configure:19085: g++ -o conftest  -g -std=c++11 -DNDEBUG   conftest.cpp  >&5
configure:19085: $? = 0
configure:19092: result: no
configure:19288: checking whether gcc is Clang
configure:19313: result: no
configure:19375: checking whether pthreads work with "-pthread" and "-lpthread"
configure:19480: gcc -o conftest  -pthread   conftest.c -lpthread  >&5
configure:19480: $? = 0
configure:19489: result: yes
configure:19606: checking for joinable pthread attribute
configure:19624: gcc -o conftest  -pthread   conftest.c -lpthread  >&5
configure:19624: $? = 0
configure:19632: result: PTHREAD_CREATE_JOINABLE
configure:19646: checking whether more special flags are required for pthreads
configure:19659: result: no
configure:19667: checking for PTHREAD_PRIO_INHERIT
configure:19684: gcc -o conftest  -pthread   conftest.c -lpthread  >&5
configure:19684: $? = 0
configure:19693: result: yes
configure:19805: checking the location of hash_map
configure:19831: g++ -c  -g -std=c++11 -DNDEBUG  conftest.cpp >&5
configure:19831: $? = 0
configure:19853: g++ -c  -g -std=c++11 -DNDEBUG  conftest.cpp >&5
configure:19853: $? = 0
configure:19920: result: <unordered_map>
configure:19946: checking whether -llog is needed
configure:19954: result: no
configure:20086: checking that generated files are newer than configure
configure:20092: result: done
configure:20159: creating ./config.status

## ---------------------- ##
## Running config.status. ##
## ---------------------- ##

This file was extended by Protocol Buffers config.status 3.20.2, which was
generated by GNU Autoconf 2.69.  Invocation command line was

  CONFIG_FILES    = 
  CONFIG_HEADERS  = 
  CONFIG_LINKS    = 
  CONFIG_COMMANDS = 
  $ ./config.status 

on mylessonMachine

config.status:1226: creating Makefile
config.status:1226: creating src/Makefile
config.status:1226: creating benchmarks/Makefile
config.status:1226: creating conformance/Makefile
config.status:1226: creating protobuf.pc
config.status:1226: creating protobuf-lite.pc
config.status:1226: creating config.h
config.status:1455: executing depfiles commands
config.status:1455: executing libtool commands
configure:22719: === configuring in third_party/googletest (/home/myroot/linux/protobuf-3.20.2/third_party/googletest)
configure:22782: running /bin/sh ./configure --disable-option-checking '--prefix=/usr/local'  --cache-file=/dev/null --srcdir=.

## ---------------- ##
## Cache variables. ##
## ---------------- ##

ac_cv_build=x86_64-unknown-linux-gnu
ac_cv_build_prog_CPP='gcc -E'
ac_cv_build_prog_CXXCPP='g++ -E'
ac_cv_build_prog_cc_g=yes
ac_cv_build_prog_cxx_g=yes
ac_cv_c_compiler_gnu=yes
ac_cv_cxx_compiler_gnu=yes
ac_cv_cxx_hash_map='<unordered_map>'
ac_cv_cxx_hash_map_class=unordered_map
ac_cv_cxx_hash_namespace=std
ac_cv_cxx_hash_set='<unordered_set>'
ac_cv_cxx_hash_set_class=unordered_set
ac_cv_env_CCC_set=
ac_cv_env_CCC_value=
ac_cv_env_CC_set=
ac_cv_env_CC_value=
ac_cv_env_CFLAGS_set=
ac_cv_env_CFLAGS_value=
ac_cv_env_CPPFLAGS_set=
ac_cv_env_CPPFLAGS_value=
ac_cv_env_CPP_set=
ac_cv_env_CPP_value=
ac_cv_env_CXXCPP_set=
ac_cv_env_CXXCPP_value=
ac_cv_env_CXXFLAGS_set=
ac_cv_env_CXXFLAGS_value=
ac_cv_env_CXX_set=
ac_cv_env_CXX_value=
ac_cv_env_DIST_LANG_set=
ac_cv_env_DIST_LANG_value=
ac_cv_env_LDFLAGS_set=
ac_cv_env_LDFLAGS_value=
ac_cv_env_LIBS_set=
ac_cv_env_LIBS_value=
ac_cv_env_OBJCFLAGS_set=
ac_cv_env_OBJCFLAGS_value=
ac_cv_env_OBJC_set=
ac_cv_env_OBJC_value=
ac_cv_env_build_alias_set=
ac_cv_env_build_alias_value=
ac_cv_env_host_alias_set=
ac_cv_env_host_alias_value=
ac_cv_env_target_alias_set=
ac_cv_env_target_alias_value=
ac_cv_func_ftruncate=yes
ac_cv_func_memcmp_working=yes
ac_cv_func_memset=yes
ac_cv_func_mkdir=yes
ac_cv_func_strchr=yes
ac_cv_func_strerror=yes
ac_cv_func_strtod=yes
ac_cv_func_strtol=yes
ac_cv_have_decl___SUNPRO_CC=no
ac_cv_header_dlfcn_h=yes
ac_cv_header_fcntl_h=yes
ac_cv_header_inttypes_h=yes
ac_cv_header_limits_h=yes
ac_cv_header_memory_h=yes
ac_cv_header_minix_config_h=no
ac_cv_header_stdc=yes
ac_cv_header_stdint_h=yes
ac_cv_header_stdlib_h=yes
ac_cv_header_string_h=yes
ac_cv_header_strings_h=yes
ac_cv_header_sys_stat_h=yes
ac_cv_header_sys_types_h=yes
ac_cv_header_unistd_h=yes
ac_cv_host=x86_64-unknown-linux-gnu
ac_cv_objext=o
ac_cv_path_EGREP='/usr/bin/grep -E'
ac_cv_path_FGREP='/usr/bin/grep -F'
ac_cv_path_GREP=/usr/bin/grep
ac_cv_path_SED=/usr/bin/sed
ac_cv_path_install='/usr/bin/install -c'
ac_cv_path_mkdir=/usr/bin/mkdir
ac_cv_prog_AWK=gawk
ac_cv_prog_CPP='gcc -E'
ac_cv_prog_CXXCPP='g++ -E'
ac_cv_prog_ac_ct_AR=ar
ac_cv_prog_ac_ct_CC=gcc
ac_cv_prog_ac_ct_CC_FOR_BUILD=gcc
ac_cv_prog_ac_ct_CXX=g++
ac_cv_prog_ac_ct_CXX_FOR_BUILD=g++
ac_cv_prog_ac_ct_OBJDUMP=objdump
ac_cv_prog_ac_ct_RANLIB=ranlib
ac_cv_prog_ac_ct_STRIP=strip
ac_cv_prog_cc_c89=
ac_cv_prog_cc_g=yes
ac_cv_prog_cxx_g=yes
ac_cv_prog_make_make_set=yes
ac_cv_safe_to_define___extensions__=yes
ac_cv_target=x86_64-unknown-linux-gnu
am_cv_CC_dependencies_compiler_type=gcc3
am_cv_CXX_dependencies_compiler_type=gcc3
am_cv_ar_interface=ar
am_cv_make_support_nested_variables=yes
am_cv_prog_tar_ustar=gnutar
ax_cv_PTHREAD_CLANG=no
ax_cv_PTHREAD_JOINABLE_ATTR=PTHREAD_CREATE_JOINABLE
ax_cv_PTHREAD_PRIO_INHERIT=yes
ax_cv_PTHREAD_SPECIAL_FLAGS=no
ax_cv_cxx_compile_cxx11=yes
lt_cv_ar_at_file=@
lt_cv_archive_cmds_need_lc=no
lt_cv_deplibs_check_method=pass_all
lt_cv_file_magic_cmd='$MAGIC_CMD'
lt_cv_file_magic_test_file=
lt_cv_ld_reload_flag=-r
lt_cv_nm_interface='BSD nm'
lt_cv_objdir=.libs
lt_cv_path_LD=/opt/rh/devtoolset-7/root/usr/libexec/gcc/x86_64-redhat-linux/7/ld
lt_cv_path_LDCXX='/opt/rh/devtoolset-7/root/usr/libexec/gcc/x86_64-redhat-linux/7/ld -m elf_x86_64'
lt_cv_path_NM='/opt/rh/devtoolset-7/root/usr/bin/nm -B'
lt_cv_path_mainfest_tool=no
lt_cv_prog_compiler_c_o=yes
lt_cv_prog_compiler_c_o_CXX=yes
lt_cv_prog_compiler_pic='-fPIC -DPIC'
lt_cv_prog_compiler_pic_CXX='-fPIC -DPIC'
lt_cv_prog_compiler_pic_works=yes
lt_cv_prog_compiler_pic_works_CXX=yes
lt_cv_prog_compiler_rtti_exceptions=no
lt_cv_prog_compiler_static_works=no
lt_cv_prog_compiler_static_works_CXX=no
lt_cv_prog_gnu_ld=yes
lt_cv_prog_gnu_ldcxx=yes
lt_cv_sharedlib_from_linklib_cmd='printf %s\n'
lt_cv_shlibpath_overrides_runpath=no
lt_cv_sys_global_symbol_pipe='sed -n -e '\''s/^.*[	 ]\([ABCDGIRSTW][ABCDGIRSTW]*\)[	 ][	 ]*\([_A-Za-z][_A-Za-z0-9]*\)$/\1 \2 \2/p'\'' | sed '\''/ __gnu_lto/d'\'''
lt_cv_sys_global_symbol_to_c_name_address='sed -n -e '\''s/^: \([^ ]*\)[ ]*$/  {\"\1\", (void *) 0},/p'\'' -e '\''s/^[ABCDGIRSTW]* \([^ ]*\) \([^ ]*\)$/  {"\2", (void *) \&\2},/p'\'''
lt_cv_sys_global_symbol_to_c_name_address_lib_prefix='sed -n -e '\''s/^: \([^ ]*\)[ ]*$/  {\"\1\", (void *) 0},/p'\'' -e '\''s/^[ABCDGIRSTW]* \([^ ]*\) \(lib[^ ]*\)$/  {"\2", (void *) \&\2},/p'\'' -e '\''s/^[ABCDGIRSTW]* \([^ ]*\) \([^ ]*\)$/  {"lib\2", (void *) \&\2},/p'\'''
lt_cv_sys_global_symbol_to_cdecl='sed -n -e '\''s/^T .* \(.*\)$/extern int \1();/p'\'' -e '\''s/^[ABCDGIRSTW]* .* \(.*\)$/extern char \1;/p'\'''
lt_cv_sys_max_cmd_len=1572864
lt_cv_to_host_file_cmd=func_convert_file_noop
lt_cv_to_tool_file_cmd=func_convert_file_noop

## ----------------- ##
## Output variables. ##
## ----------------- ##

ACLOCAL='${SHELL} /home/myroot/linux/protobuf-3.20.2/missing aclocal-1.13'
AMDEPBACKSLASH='\'
AMDEP_FALSE='#'
AMDEP_TRUE=''
AMTAR='$${TAR-tar}'
AM_BACKSLASH='\'
AM_DEFAULT_V='$(AM_DEFAULT_VERBOSITY)'
AM_DEFAULT_VERBOSITY='0'
AM_V='$(V)'
AR='ar'
AUTOCONF='${SHELL} /home/myroot/linux/protobuf-3.20.2/missing autoconf'
AUTOHEADER='${SHELL} /home/myroot/linux/protobuf-3.20.2/missing autoheader'
AUTOMAKE='${SHELL} /home/myroot/linux/protobuf-3.20.2/missing automake-1.13'
AWK='gawk'
BUILD_EXEEXT=''
BUILD_OBJEXT=''
CC='gcc'
CCDEPMODE='depmode=gcc3'
CC_FOR_BUILD='gcc'
CFLAGS=''
CFLAGS_FOR_BUILD='-g -O2'
CPP='gcc -E'
CPPFLAGS=''
CPPFLAGS_FOR_BUILD=''
CPP_FOR_BUILD='gcc -E'
CXX='g++'
CXXCPP='g++ -E'
CXXCPPFLAGS_FOR_BUILD=''
CXXCPP_FOR_BUILD='g++ -E'
CXXDEPMODE='depmode=gcc3'
CXXFLAGS=' -g -std=c++11 -DNDEBUG'
CXXFLAGS_FOR_BUILD='-g -O2'
CXX_FOR_BUILD='g++'
CYGPATH_W='echo'
DEFS='-DHAVE_CONFIG_H'
DEPDIR='.deps'
DIST_LANG='all'
DLLTOOL='false'
DSYMUTIL=''
DUMPBIN=''
ECHO_C=''
ECHO_N='-n'
ECHO_T=''
EGREP='/usr/bin/grep -E'
EXEEXT=''
FGREP='/usr/bin/grep -F'
GCC_FALSE='#'
GCC_TRUE=''
GREP='/usr/bin/grep'
HAVE_CXX11='1'
HAVE_LD_VERSION_SCRIPT_FALSE='#'
HAVE_LD_VERSION_SCRIPT_TRUE=''
HAVE_PTHREAD_FALSE='#'
HAVE_PTHREAD_TRUE=''
HAVE_ZLIB_FALSE=''
HAVE_ZLIB_TRUE='#'
INSTALL_DATA='${INSTALL} -m 644'
INSTALL_PROGRAM='${INSTALL}'
INSTALL_SCRIPT='${INSTALL}'
INSTALL_STRIP_PROGRAM='$(install_sh) -c -s'
ISAINFO=''
LD='/opt/rh/devtoolset-7/root/usr/libexec/gcc/x86_64-redhat-linux/7/ld -m elf_x86_64'
LDFLAGS=''
LDFLAGS_FOR_BUILD=''
LIBATOMIC_LIBS=''
LIBLOG_LIBS=''
LIBOBJS=''
LIBS=''
LIBTOOL='$(SHELL) $(top_builddir)/libtool'
LIPO=''
LN_S='ln -s'
LTLIBOBJS=''
MAINT=''
MAINTAINER_MODE_FALSE='#'
MAINTAINER_MODE_TRUE=''
MAKEINFO='${SHELL} /home/myroot/linux/protobuf-3.20.2/missing makeinfo'
MANIFEST_TOOL=':'
MKDIR_P='/usr/bin/mkdir -p'
NM='/opt/rh/devtoolset-7/root/usr/bin/nm -B'
NMEDIT=''
OBJC=''
OBJCDEPMODE=''
OBJCFLAGS=''
OBJC_CONFORMANCE_TEST_FALSE=''
OBJC_CONFORMANCE_TEST_TRUE='#'
OBJDUMP='objdump'
OBJEXT='o'
OTOOL64=''
OTOOL=''
PACKAGE='protobuf'
PACKAGE_BUGREPORT='protobuf@googlegroups.com'
PACKAGE_NAME='Protocol Buffers'
PACKAGE_STRING='Protocol Buffers 3.20.2'
PACKAGE_TARNAME='protobuf'
PACKAGE_URL=''
PACKAGE_VERSION='3.20.2'
PATH_SEPARATOR=':'
POW_LIB=''
PROTOBUF_OPT_FLAG='-O2'
PROTOC=''
PTHREAD_CC='gcc'
PTHREAD_CFLAGS='-pthread'
PTHREAD_LIBS='-lpthread'
RANLIB='ranlib'
SED='/usr/bin/sed'
SET_MAKE=''
SHELL='/bin/sh'
STRIP='strip'
USE_EXTERNAL_PROTOC_FALSE=''
USE_EXTERNAL_PROTOC_TRUE='#'
VERSION='3.20.2'
ac_ct_AR='ar'
ac_ct_CC='gcc'
ac_ct_CC_FOR_BUILD='gcc'
ac_ct_CXX='g++'
ac_ct_CXX_FOR_BUILD='g++'
ac_ct_DUMPBIN=''
ac_ct_OBJC=''
am__EXEEXT_FALSE=''
am__EXEEXT_TRUE='#'
am__fastdepCC_FALSE='#'
am__fastdepCC_TRUE=''
am__fastdepCXX_FALSE='#'
am__fastdepCXX_TRUE=''
am__fastdepOBJC_FALSE=''
am__fastdepOBJC_TRUE='#'
am__include='include'
am__isrc=''
am__leading_dot='.'
am__nodep='_no'
am__quote=''
am__tar='tar --format=ustar -chf - "$$tardir"'
am__untar='tar -xf -'
ax_pthread_config=''
bindir='${exec_prefix}/bin'
build='x86_64-unknown-linux-gnu'
build_alias=''
build_cpu='x86_64'
build_os='linux-gnu'
build_vendor='unknown'
datadir='${datarootdir}'
datarootdir='${prefix}/share'
docdir='${datarootdir}/doc/${PACKAGE_TARNAME}'
dvidir='${docdir}'
exec_prefix='${prefix}'
host='x86_64-unknown-linux-gnu'
host_alias=''
host_cpu='x86_64'
host_os='linux-gnu'
host_vendor='unknown'
htmldir='${docdir}'
includedir='${prefix}/include'
infodir='${datarootdir}/info'
install_sh='${SHELL} /home/myroot/linux/protobuf-3.20.2/install-sh'
libdir='${exec_prefix}/lib'
libexecdir='${exec_prefix}/libexec'
localedir='${datarootdir}/locale'
localstatedir='${prefix}/var'
mandir='${datarootdir}/man'
mkdir_p='$(MKDIR_P)'
oldincludedir='/usr/include'
pdfdir='${docdir}'
prefix='/usr/local'
program_transform_name='s,x,x,'
psdir='${docdir}'
sbindir='${exec_prefix}/sbin'
sharedstatedir='${prefix}/com'
subdirs=' third_party/googletest'
sysconfdir='${prefix}/etc'
target='x86_64-unknown-linux-gnu'
target_alias=''
target_cpu='x86_64'
target_os='linux-gnu'
target_vendor='unknown'

## ----------- ##
## confdefs.h. ##
## ----------- ##

/* confdefs.h */
#define PACKAGE_NAME "Protocol Buffers"
#define PACKAGE_TARNAME "protobuf"
#define PACKAGE_VERSION "3.20.2"
#define PACKAGE_STRING "Protocol Buffers 3.20.2"
#define PACKAGE_BUGREPORT "protobuf@googlegroups.com"
#define PACKAGE_URL ""
#define PACKAGE "protobuf"
#define VERSION "3.20.2"
#define STDC_HEADERS 1
#define HAVE_SYS_TYPES_H 1
#define HAVE_SYS_STAT_H 1
#define HAVE_STDLIB_H 1
#define HAVE_STRING_H 1
#define HAVE_MEMORY_H 1
#define HAVE_STRINGS_H 1
#define HAVE_INTTYPES_H 1
#define HAVE_STDINT_H 1
#define HAVE_UNISTD_H 1
#define __EXTENSIONS__ 1
#define _ALL_SOURCE 1
#define _GNU_SOURCE 1
#define _POSIX_PTHREAD_SEMANTICS 1
#define _TANDEM_SOURCE 1
#define HAVE_DLFCN_H 1
#define LT_OBJDIR ".libs/"
#define STDC_HEADERS 1
#define HAVE_FCNTL_H 1
#define HAVE_INTTYPES_H 1
#define HAVE_LIMITS_H 1
#define HAVE_STDLIB_H 1
#define HAVE_UNISTD_H 1
#define HAVE_FTRUNCATE 1
#define HAVE_MEMSET 1
#define HAVE_MKDIR 1
#define HAVE_STRCHR 1
#define HAVE_STRERROR 1
#define HAVE_STRTOL 1
#define HAVE_CXX11 1
#define HAVE_PTHREAD_PRIO_INHERIT 1
#define HAVE_PTHREAD 1
#define HAVE_HASH_MAP 1
#define HAVE_HASH_SET 1
#define HASH_MAP_H <unordered_map>
#define HASH_SET_H <unordered_set>
#define HASH_NAMESPACE std
#define HASH_MAP_CLASS unordered_map
#define HASH_SET_CLASS unordered_set

configure: exit 0
